<?xml version="1.0" encoding="UTF-8"?>
<!-- Generated by org.testng.reporters.JUnitReportReporter -->
<testsuite hostname="DESKTOP-4SJ27EF" failures="0" tests="2" name="Runner_script.Datasheet" time="11.288" errors="0" timestamp="2023-07-01T12:37:11 IST" skipped="0">
  <testcase classname="Runner_script.Datasheet" name="test" time="6.162"/>
  <testcase classname="Runner_script.Datasheet" name="test" time="5.126"/>
</testsuite> <!-- Runner_script.Datasheet -->
